d:\nthu\pacman\project1\x64\debug\vc142.pdb
d:\nthu\pacman\project1\x64\debug\vc142.idb
d:\nthu\pacman\project1\x64\debug\utility.obj
d:\nthu\pacman\project1\x64\debug\shared.obj
d:\nthu\pacman\project1\x64\debug\scene_settings.obj
d:\nthu\pacman\project1\x64\debug\scene_menu_object.obj
d:\nthu\pacman\project1\x64\debug\scene_menu.obj
d:\nthu\pacman\project1\x64\debug\scene_game.obj
d:\nthu\pacman\project1\x64\debug\pacman_obj.obj
d:\nthu\pacman\project1\x64\debug\map.obj
d:\nthu\pacman\project1\x64\debug\main.obj
d:\nthu\pacman\project1\x64\debug\ghost_red_move_script.obj
d:\nthu\pacman\project1\x64\debug\ghost.obj
d:\nthu\pacman\project1\x64\debug\game.obj
d:\nthu\pacman\x64\debug\project1.pdb
d:\nthu\pacman\project1\x64\debug\project1.tlog\cl.command.1.tlog
d:\nthu\pacman\project1\x64\debug\project1.tlog\cl.read.1.tlog
d:\nthu\pacman\project1\x64\debug\project1.tlog\cl.write.1.tlog
d:\nthu\pacman\project1\x64\debug\project1.tlog\link-cvtres.read.1.tlog
d:\nthu\pacman\project1\x64\debug\project1.tlog\link-cvtres.write.1.tlog
d:\nthu\pacman\project1\x64\debug\project1.tlog\link-rc.read.1.tlog
d:\nthu\pacman\project1\x64\debug\project1.tlog\link-rc.write.1.tlog
d:\nthu\pacman\project1\x64\debug\project1.tlog\link.command.1.tlog
d:\nthu\pacman\project1\x64\debug\project1.tlog\link.read.1.tlog
d:\nthu\pacman\project1\x64\debug\project1.tlog\link.write.1.tlog
