  game.c
  ghost.c
  ghost_red_move_script.c
  main.c
C:\Users\liuza\OneDrive\桌面\hackthon\Final_Codes\Src\main.c(10,8): warning C4013: 'printf' 未定義; 假設 extern 傳回整數
  map.c
C:\Users\liuza\OneDrive\桌面\hackthon\Final_Codes\Src\map.c(143,20): warning C4133: '函式': 不相容的類型 - 從 'FILE *' 至 'const char *'
C:\Users\liuza\OneDrive\桌面\hackthon\Final_Codes\Src\map.c(149,21): warning C4133: '函式': 不相容的類型 - 從 'FILE *' 至 'const char *'
C:\Users\liuza\OneDrive\桌面\hackthon\Final_Codes\Src\map.c(222,24): warning C4090: '函式': 不同的 'const' 限定詞
C:\Users\liuza\OneDrive\桌面\hackthon\Final_Codes\Src\map.c(225,23): warning C4090: '函式': 不同的 'const' 限定詞
C:\Users\liuza\OneDrive\桌面\hackthon\Final_Codes\Src\map.c(228,23): warning C4090: '函式': 不同的 'const' 限定詞
C:\Users\liuza\OneDrive\桌面\hackthon\Final_Codes\Src\map.c(231,33): warning C4090: '函式': 不同的 'const' 限定詞
C:\Users\liuza\OneDrive\桌面\hackthon\Final_Codes\Src\map.c(234,29): warning C4090: '函式': 不同的 'const' 限定詞
C:\Users\liuza\OneDrive\桌面\hackthon\Final_Codes\Src\map.c(237,17): warning C4090: '函式': 不同的 'const' 限定詞
  pacman_obj.c
  scene_game.c
C:\Users\liuza\OneDrive\桌面\hackthon\Final_Codes\Src\scene_game.c(300,12): warning C4013: 'sprintf_s' 未定義; 假設 extern 傳回整數
C:\Users\liuza\OneDrive\桌面\hackthon\Final_Codes\Src\scene_game.c(419,16): warning C4013: 'pacman_destroy' 未定義; 假設 extern 傳回整數
C:\Users\liuza\OneDrive\桌面\hackthon\Final_Codes\Src\scene_game.c(421,16): warning C4013: 'ghost_destroy' 未定義; 假設 extern 傳回整數
C:\Users\liuza\OneDrive\桌面\hackthon\Final_Codes\Src\scene_game.c(468,10): warning C4013: 'printf' 未定義; 假設 extern 傳回整數
C:\Users\liuza\OneDrive\桌面\hackthon\Final_Codes\Src\scene_game.c(533,38): warning C4113: 'void (__cdecl *)(void)' 與來自 'func_ptr_mouse' 的參數清單不同
  scene_menu.c
C:\Users\liuza\OneDrive\桌面\hackthon\Final_Codes\Src\scene_menu.c(325,27): warning C4113: 'void (__cdecl *)()' 與來自 'func_ptr' 的參數清單不同
C:\Users\liuza\OneDrive\桌面\hackthon\Final_Codes\Src\scene_menu.c(326,21): warning C4113: 'void (__cdecl *)()' 與來自 'func_ptr' 的參數清單不同
C:\Users\liuza\OneDrive\桌面\hackthon\Final_Codes\Src\scene_menu.c(327,27): warning C4113: 'void (__cdecl *)()' 與來自 'func_ptr' 的參數清單不同
C:\Users\liuza\OneDrive\桌面\hackthon\Final_Codes\Src\scene_menu.c(333,39): warning C4113: 'void (__cdecl *)()' 與來自 'func_ptr_mouse' 的參數清單不同
C:\Users\liuza\OneDrive\桌面\hackthon\Final_Codes\Src\scene_menu.c(340,32): warning C4113: 'void (__cdecl *)()' 與來自 'func_ptr' 的參數清單不同
C:\Users\liuza\OneDrive\桌面\hackthon\Final_Codes\Src\scene_menu.c(341,26): warning C4113: 'void (__cdecl *)()' 與來自 'func_ptr' 的參數清單不同
C:\Users\liuza\OneDrive\桌面\hackthon\Final_Codes\Src\scene_menu.c(342,32): warning C4113: 'void (__cdecl *)()' 與來自 'func_ptr' 的參數清單不同
C:\Users\liuza\OneDrive\桌面\hackthon\Final_Codes\Src\scene_menu.c(349,35): warning C4113: 'void (__cdecl *)()' 與來自 'func_ptr' 的參數清單不同
C:\Users\liuza\OneDrive\桌面\hackthon\Final_Codes\Src\scene_menu.c(350,21): warning C4113: 'void (__cdecl *)()' 與來自 'func_ptr' 的參數清單不同
C:\Users\liuza\OneDrive\桌面\hackthon\Final_Codes\Src\scene_menu.c(351,27): warning C4113: 'void (__cdecl *)()' 與來自 'func_ptr' 的參數清單不同
C:\Users\liuza\OneDrive\桌面\hackthon\Final_Codes\Src\scene_menu.c(357,39): warning C4113: 'void (__cdecl *)()' 與來自 'func_ptr_mouse' 的參數清單不同
  scene_menu_object.c
  scene_settings.c
C:\Users\liuza\OneDrive\桌面\hackthon\Final_Codes\Src\scene_settings.c(159,26): warning C4113: 'void (__cdecl *)()' 與來自 'func_ptr' 的參數清單不同
C:\Users\liuza\OneDrive\桌面\hackthon\Final_Codes\Src\scene_settings.c(161,26): warning C4113: 'void (__cdecl *)()' 與來自 'func_ptr' 的參數清單不同
C:\Users\liuza\OneDrive\桌面\hackthon\Final_Codes\Src\scene_settings.c(164,38): warning C4113: 'void (__cdecl *)()' 與來自 'func_ptr_mouse' 的參數清單不同
  shared.c
  utility.c
  正在產生程式碼...
C:\Users\liuza\OneDrive\桌面\hackthon\Final_Codes\Src\scene_menu.c(362): warning C4715: 'scene_menu_create': 不是所有控制路徑都傳回值
  Project1.vcxproj -> D:\c++\Project1\Debug\Project1.exe
