d:\c++\project1\project1\debug\vc142.pdb
d:\c++\project1\project1\debug\vc142.idb
d:\c++\project1\project1\debug\utility.obj
d:\c++\project1\project1\debug\shared.obj
d:\c++\project1\project1\debug\scene_settings.obj
d:\c++\project1\project1\debug\scene_menu_object.obj
d:\c++\project1\project1\debug\scene_menu.obj
d:\c++\project1\project1\debug\scene_game.obj
d:\c++\project1\project1\debug\pacman_obj.obj
d:\c++\project1\project1\debug\map.obj
d:\c++\project1\project1\debug\main.obj
d:\c++\project1\project1\debug\ghost_red_move_script.obj
d:\c++\project1\project1\debug\ghost.obj
d:\c++\project1\project1\debug\game.obj
d:\c++\project1\debug\project1.exe
d:\c++\project1\project1\debug\project1.ilk
d:\c++\project1\debug\project1.pdb
d:\c++\project1\project1\debug\project1.tlog\cl.command.1.tlog
d:\c++\project1\project1\debug\project1.tlog\cl.read.1.tlog
d:\c++\project1\project1\debug\project1.tlog\cl.write.1.tlog
d:\c++\project1\project1\debug\project1.tlog\link.command.1.tlog
d:\c++\project1\project1\debug\project1.tlog\link.read.1.tlog
d:\c++\project1\project1\debug\project1.tlog\link.write.1.tlog
